<?xml version="1.0" encoding="UTF-8"?>
<testsuite xmlns:xsi="http://www.w3.org/2001/XMLSchema-instance" xsi:noNamespaceSchemaLocation="https://maven.apache.org/surefire/maven-surefire-plugin/xsd/surefire-test-report.xsd" name="GameOfLifeTest" time="0.024" tests="1" errors="0" skipped="0" failures="1">
  <properties>
[...]
</properties>
  <testcase name="life_the_universe_and_everything" classname="GameOfLifeTest" time="0.02">
    <failure message="expected: &lt;42&gt; but was: &lt;54&gt;" type="org.opentest4j.AssertionFailedError"><![CDATA[org.opentest4j.AssertionFailedError: expected: <42> but was: <54>
	at GameOfLifeTest.life_the_universe_and_everything(GameOfLifeTest.java:11)
]]></failure>
  </testcase>
</testsuite>